Projeto/Economize/HoloGraphLibrary/build/outputs/logs/manifest-merger-debug-report.txt
-- Merging decision tree log ---
manifest
ADDED from Economize\HoloGraphLibrary\AndroidManifest.xml:1:1-4:12
INJECTED from Economize\HoloGraphLibrary\AndroidManifest.xml:1:1-4:12
INJECTED from Economize\HoloGraphLibrary\AndroidManifest.xml:1:1-4:12
	package
		ADDED from Economize\HoloGraphLibrary\AndroidManifest.xml:2:5-40
		INJECTED from Economize\HoloGraphLibrary\AndroidManifest.xml
		INJECTED from Economize\HoloGraphLibrary\AndroidManifest.xml
	xmlns:android
		ADDED from Economize\HoloGraphLibrary\AndroidManifest.xml:1:11-69